<?xml version="1.0" encoding="UTF-8" ?>
<testsuite errors="0" failures="0" hostname="debian-Dodds" name="com.example.simple.SimpleTest" tests="3" time="0.167" timestamp="2013-03-10T20:11:36">
  <properties>
[...]
</properties>
  <testcase classname="com.example.simple.SimpleTest" name="testSquare" time="0.01" />
  <testcase classname="com.example.simple.SimpleTest" name="testF" time="0.0" />
  <testcase classname="com.example.simple.SimpleTest" name="testSum" time="0.002" />
  <system-out><![CDATA[]]></system-out>
  <system-err><![CDATA[]]></system-err>
</testsuite>
